<?xml version="1.0" encoding="UTF-8"?>
<testsuite xmlns:xsi="http://www.w3.org/2001/XMLSchema-instance" xsi:noNamespaceSchemaLocation="https://maven.apache.org/surefire/maven-surefire-plugin/xsd/surefire-test-report-3.0.xsd" version="3.0" name="g53298.humbug.model.BoardTest" time="0.036" tests="8" errors="0" skipped="0" failures="0">
  <properties>
    <property name="gopherProxySet" value="false"/>
    <property name="awt.toolkit" value="sun.lwawt.macosx.LWCToolkit"/>
    <property name="file.encoding.pkg" value="sun.io"/>
    <property name="java.specification.version" value="1.8"/>
    <property name="sun.cpu.isalist" value=""/>
    <property name="sun.jnu.encoding" value="UTF-8"/>
    <property name="java.class.path" value="/Users/israelmeiresonne/Library/Mobile Documents/com~apple~CloudDocs/Documents/ESI/QUADRI 2/DEV2/JAVL2/projet humbug/projet/g53298.humbug/target/test-classes:/Users/israelmeiresonne/Library/Mobile Documents/com~apple~CloudDocs/Documents/ESI/QUADRI 2/DEV2/JAVL2/projet humbug/projet/g53298.humbug/target/classes:/Users/israelmeiresonne/.m2/repository/org/junit/jupiter/junit-jupiter-api/5.3.1/junit-jupiter-api-5.3.1.jar:/Users/israelmeiresonne/.m2/repository/org/apiguardian/apiguardian-api/1.0.0/apiguardian-api-1.0.0.jar:/Users/israelmeiresonne/.m2/repository/org/opentest4j/opentest4j/1.1.1/opentest4j-1.1.1.jar:/Users/israelmeiresonne/.m2/repository/org/junit/platform/junit-platform-commons/1.3.1/junit-platform-commons-1.3.1.jar:/Users/israelmeiresonne/.m2/repository/org/junit/jupiter/junit-jupiter-params/5.3.1/junit-jupiter-params-5.3.1.jar:/Users/israelmeiresonne/.m2/repository/org/junit/jupiter/junit-jupiter-engine/5.3.1/junit-jupiter-engine-5.3.1.jar:/Users/israelmeiresonne/.m2/repository/org/junit/platform/junit-platform-engine/1.3.1/junit-platform-engine-1.3.1.jar:"/>
    <property name="java.vm.vendor" value="Oracle Corporation"/>
    <property name="sun.arch.data.model" value="64"/>
    <property name="java.vendor.url" value="http://java.oracle.com/"/>
    <property name="user.timezone" value=""/>
    <property name="java.vm.specification.version" value="1.8"/>
    <property name="os.name" value="Mac OS X"/>
    <property name="sun.java.launcher" value="SUN_STANDARD"/>
    <property name="user.country" value="BE"/>
    <property name="sun.boot.library.path" value="/Library/Java/JavaVirtualMachines/jdk1.8.0_181.jdk/Contents/Home/jre/lib"/>
    <property name="sun.java.command" value="/Users/israelmeiresonne/Library/Mobile Documents/com~apple~CloudDocs/Documents/ESI/QUADRI 2/DEV2/JAVL2/projet humbug/projet/g53298.humbug/target/surefire/surefirebooter672300125590585621.jar /Users/israelmeiresonne/Library/Mobile Documents/com~apple~CloudDocs/Documents/ESI/QUADRI 2/DEV2/JAVL2/projet humbug/projet/g53298.humbug/target/surefire 2020-04-27T18-51-39_800-jvmRun1 surefire4269777556913799271tmp surefire_0150833849205716485tmp"/>
    <property name="http.nonProxyHosts" value="local|*.local|169.254/16|*.169.254/16"/>
    <property name="test" value="g53298.humbug.model.BoardTest"/>
    <property name="surefire.test.class.path" value="/Users/israelmeiresonne/Library/Mobile Documents/com~apple~CloudDocs/Documents/ESI/QUADRI 2/DEV2/JAVL2/projet humbug/projet/g53298.humbug/target/test-classes:/Users/israelmeiresonne/Library/Mobile Documents/com~apple~CloudDocs/Documents/ESI/QUADRI 2/DEV2/JAVL2/projet humbug/projet/g53298.humbug/target/classes:/Users/israelmeiresonne/.m2/repository/org/junit/jupiter/junit-jupiter-api/5.3.1/junit-jupiter-api-5.3.1.jar:/Users/israelmeiresonne/.m2/repository/org/apiguardian/apiguardian-api/1.0.0/apiguardian-api-1.0.0.jar:/Users/israelmeiresonne/.m2/repository/org/opentest4j/opentest4j/1.1.1/opentest4j-1.1.1.jar:/Users/israelmeiresonne/.m2/repository/org/junit/platform/junit-platform-commons/1.3.1/junit-platform-commons-1.3.1.jar:/Users/israelmeiresonne/.m2/repository/org/junit/jupiter/junit-jupiter-params/5.3.1/junit-jupiter-params-5.3.1.jar:/Users/israelmeiresonne/.m2/repository/org/junit/jupiter/junit-jupiter-engine/5.3.1/junit-jupiter-engine-5.3.1.jar:/Users/israelmeiresonne/.m2/repository/org/junit/platform/junit-platform-engine/1.3.1/junit-platform-engine-1.3.1.jar:"/>
    <property name="sun.cpu.endian" value="little"/>
    <property name="user.home" value="/Users/israelmeiresonne"/>
    <property name="user.language" value="fr"/>
    <property name="java.specification.vendor" value="Oracle Corporation"/>
    <property name="java.home" value="/Library/Java/JavaVirtualMachines/jdk1.8.0_181.jdk/Contents/Home/jre"/>
    <property name="basedir" value="/Users/israelmeiresonne/Library/Mobile Documents/com~apple~CloudDocs/Documents/ESI/QUADRI 2/DEV2/JAVL2/projet humbug/projet/g53298.humbug"/>
    <property name="file.separator" value="/"/>
    <property name="line.separator" value="&#10;"/>
    <property name="java.vm.specification.vendor" value="Oracle Corporation"/>
    <property name="java.specification.name" value="Java Platform API Specification"/>
    <property name="java.awt.graphicsenv" value="sun.awt.CGraphicsEnvironment"/>
    <property name="surefire.real.class.path" value="/Users/israelmeiresonne/Library/Mobile Documents/com~apple~CloudDocs/Documents/ESI/QUADRI 2/DEV2/JAVL2/projet humbug/projet/g53298.humbug/target/surefire/surefirebooter672300125590585621.jar"/>
    <property name="sun.boot.class.path" value="/Library/Java/JavaVirtualMachines/jdk1.8.0_181.jdk/Contents/Home/jre/lib/resources.jar:/Library/Java/JavaVirtualMachines/jdk1.8.0_181.jdk/Contents/Home/jre/lib/rt.jar:/Library/Java/JavaVirtualMachines/jdk1.8.0_181.jdk/Contents/Home/jre/lib/sunrsasign.jar:/Library/Java/JavaVirtualMachines/jdk1.8.0_181.jdk/Contents/Home/jre/lib/jsse.jar:/Library/Java/JavaVirtualMachines/jdk1.8.0_181.jdk/Contents/Home/jre/lib/jce.jar:/Library/Java/JavaVirtualMachines/jdk1.8.0_181.jdk/Contents/Home/jre/lib/charsets.jar:/Library/Java/JavaVirtualMachines/jdk1.8.0_181.jdk/Contents/Home/jre/lib/jfr.jar:/Library/Java/JavaVirtualMachines/jdk1.8.0_181.jdk/Contents/Home/jre/classes"/>
    <property name="sun.management.compiler" value="HotSpot 64-Bit Tiered Compilers"/>
    <property name="ftp.nonProxyHosts" value="local|*.local|169.254/16|*.169.254/16"/>
    <property name="java.runtime.version" value="1.8.0_181-b13"/>
    <property name="user.name" value="israelmeiresonne"/>
    <property name="path.separator" value=":"/>
    <property name="os.version" value="10.15.3"/>
    <property name="java.endorsed.dirs" value="/Library/Java/JavaVirtualMachines/jdk1.8.0_181.jdk/Contents/Home/jre/lib/endorsed"/>
    <property name="java.runtime.name" value="Java(TM) SE Runtime Environment"/>
    <property name="file.encoding" value="UTF-8"/>
    <property name="java.vm.name" value="Java HotSpot(TM) 64-Bit Server VM"/>
    <property name="maven.ext.class.path" value="/Applications/NetBeans/Apache NetBeans 11.2.app/Contents/Resources/NetBeans/netbeans/java/maven-nblib/netbeans-eventspy.jar"/>
    <property name="localRepository" value="/Users/israelmeiresonne/.m2/repository"/>
    <property name="java.vendor.url.bug" value="http://bugreport.sun.com/bugreport/"/>
    <property name="java.io.tmpdir" value="/var/folders/x0/xl1k4nbs0550z4_mxfb_6pc80000gn/T/"/>
    <property name="java.version" value="1.8.0_181"/>
    <property name="user.dir" value="/Users/israelmeiresonne/Library/Mobile Documents/com~apple~CloudDocs/Documents/ESI/QUADRI 2/DEV2/JAVL2/projet humbug/projet/g53298.humbug"/>
    <property name="os.arch" value="x86_64"/>
    <property name="java.vm.specification.name" value="Java Virtual Machine Specification"/>
    <property name="java.awt.printerjob" value="sun.lwawt.macosx.CPrinterJob"/>
    <property name="sun.os.patch.level" value="unknown"/>
    <property name="java.library.path" value="/Users/israelmeiresonne/Library/Java/Extensions:/Library/Java/Extensions:/Network/Library/Java/Extensions:/System/Library/Java/Extensions:/usr/lib/java:."/>
    <property name="java.vm.info" value="mixed mode"/>
    <property name="java.vendor" value="Oracle Corporation"/>
    <property name="java.vm.version" value="25.181-b13"/>
    <property name="java.ext.dirs" value="/Users/israelmeiresonne/Library/Java/Extensions:/Library/Java/JavaVirtualMachines/jdk1.8.0_181.jdk/Contents/Home/jre/lib/ext:/Library/Java/Extensions:/Network/Library/Java/Extensions:/System/Library/Java/Extensions:/usr/lib/java"/>
    <property name="sun.io.unicode.encoding" value="UnicodeBig"/>
    <property name="java.class.version" value="52.0"/>
    <property name="socksNonProxyHosts" value="local|*.local|169.254/16|*.169.254/16"/>
  </properties>
  <testcase name="testGetSquareType_null" classname="g53298.humbug.model.BoardTest" time="0.015"/>
  <testcase name="testIsInside_false_outbound_negative" classname="g53298.humbug.model.BoardTest" time="0.002"/>
  <testcase name="testIsInside_false_outbound_positive_row" classname="g53298.humbug.model.BoardTest" time="0.001"/>
  <testcase name="testIsInside_false_outbound_positive_column" classname="g53298.humbug.model.BoardTest" time="0.001"/>
  <testcase name="testIsInside_general_true" classname="g53298.humbug.model.BoardTest" time="0"/>
  <testcase name="testGetSquareType_exist_star" classname="g53298.humbug.model.BoardTest" time="0.001"/>
  <testcase name="testGetSquareType_exist" classname="g53298.humbug.model.BoardTest" time="0"/>
  <testcase name="testIsInside_false_null" classname="g53298.humbug.model.BoardTest" time="0.001"/>
</testsuite>